2022-12-16 15:39:34,371 p=2983 u=ctimm n=ansible | PLAY [all] *********************************************************************************************************
2022-12-16 15:39:34,381 p=2983 u=ctimm n=ansible | TASK [Gathering Facts] *********************************************************************************************
2022-12-16 15:39:35,263 p=2983 u=ctimm n=ansible | [WARNING]: Platform linux on host localhost is using the discovered Python interpreter at /usr/bin/python3.10, but
future installation of another Python interpreter could change the meaning of that path. See
https://docs.ansible.com/ansible-core/2.14/reference_appendices/interpreter_discovery.html for more information.

2022-12-16 15:39:35,263 p=2983 u=ctimm n=ansible | ok: [localhost]
2022-12-16 15:39:35,266 p=2983 u=ctimm n=ansible | TASK [pre-run | update package cache (arch)] ***********************************************************************
2022-12-16 15:39:36,843 p=2983 u=ctimm n=ansible | ok: [localhost]
2022-12-16 15:39:36,861 p=2983 u=ctimm n=ansible | PLAY [all] *********************************************************************************************************
2022-12-16 15:39:36,871 p=2983 u=ctimm n=ansible | TASK [Gathering Facts] *********************************************************************************************
2022-12-16 15:39:37,559 p=2983 u=ctimm n=ansible | ok: [localhost]
2022-12-16 15:39:37,566 p=2983 u=ctimm n=ansible | TASK [base : users | ctimm | create config directories] ************************************************************
2022-12-16 15:39:37,801 p=2983 u=ctimm n=ansible | changed: [localhost] => (item={'dir': '.bash'})
2022-12-16 15:39:37,944 p=2983 u=ctimm n=ansible | changed: [localhost] => (item={'dir': '.config'})
2022-12-16 15:39:38,081 p=2983 u=ctimm n=ansible | changed: [localhost] => (item={'dir': '.config/htop'})
2022-12-16 15:39:38,220 p=2983 u=ctimm n=ansible | changed: [localhost] => (item={'dir': '.tmux'})
2022-12-16 15:39:38,354 p=2983 u=ctimm n=ansible | changed: [localhost] => (item={'dir': '.tmux/config'})
2022-12-16 15:39:38,494 p=2983 u=ctimm n=ansible | changed: [localhost] => (item={'dir': '.tmux/plugins'})
2022-12-16 15:39:38,502 p=2983 u=ctimm n=ansible | TASK [base : users | ctimm | copy tmux config (workstation version)] ***********************************************
2022-12-16 15:39:38,891 p=2983 u=ctimm n=ansible | changed: [localhost]
2022-12-16 15:39:38,896 p=2983 u=ctimm n=ansible | TASK [base : users | ctimm | copy dotfiles] ************************************************************************
2022-12-16 15:39:39,161 p=2983 u=ctimm n=ansible | changed: [localhost] => (item={'src': 'bash/bash_aliases', 'dest': '.bash/bash_aliases'})
2022-12-16 15:39:39,427 p=2983 u=ctimm n=ansible | changed: [localhost] => (item={'src': 'bash/bash_profile', 'dest': '.bash_profile'})
2022-12-16 15:39:39,683 p=2983 u=ctimm n=ansible | changed: [localhost] => (item={'src': 'bash/bash_prompt', 'dest': '.bash/bash_prompt'})
2022-12-16 15:39:39,923 p=2983 u=ctimm n=ansible | changed: [localhost] => (item={'src': 'bash/bash_functions', 'dest': '.bash/bash_functions'})
2022-12-16 15:39:40,188 p=2983 u=ctimm n=ansible | changed: [localhost] => (item={'src': 'bash/bashrc', 'dest': '.bashrc'})
2022-12-16 15:39:40,436 p=2983 u=ctimm n=ansible | changed: [localhost] => (item={'src': 'bash/profile', 'dest': '.profile'})
2022-12-16 15:39:40,707 p=2983 u=ctimm n=ansible | changed: [localhost] => (item={'src': 'git/gitconfig', 'dest': '.gitconfig'})
2022-12-16 15:39:40,949 p=2983 u=ctimm n=ansible | changed: [localhost] => (item={'src': 'htop/htoprc', 'dest': '.config/htop/htoprc'})
2022-12-16 15:39:40,954 p=2983 u=ctimm n=ansible | TASK [base : users | ctimm | clone tmux-completion plugin repository] **********************************************
2022-12-16 15:39:43,889 p=2983 u=ctimm n=ansible | changed: [localhost]
2022-12-16 15:39:43,893 p=2983 u=ctimm n=ansible | TASK [base : users | ctimm | clone tmux-continuum plugin repository] ***********************************************
2022-12-16 15:39:46,795 p=2983 u=ctimm n=ansible | changed: [localhost]
2022-12-16 15:39:46,798 p=2983 u=ctimm n=ansible | TASK [base : users | ctimm | clone tmux-resurrect plugin repository] ***********************************************
2022-12-16 15:39:51,082 p=2983 u=ctimm n=ansible | changed: [localhost]
2022-12-16 15:39:51,086 p=2983 u=ctimm n=ansible | TASK [base : users | root | ensure account is locked] **************************************************************
2022-12-16 15:39:51,356 p=2983 u=ctimm n=ansible | changed: [localhost]
2022-12-16 15:39:51,362 p=2983 u=ctimm n=ansible | TASK [base : system setup | repositories | add ignored packages for archlinux hosts] *******************************
2022-12-16 15:39:51,574 p=2983 u=ctimm n=ansible | changed: [localhost]
2022-12-16 15:39:51,579 p=2983 u=ctimm n=ansible | TASK [base : install zsh] ******************************************************************************************
2022-12-16 15:39:51,589 p=2983 u=ctimm n=ansible | skipping: [localhost]
2022-12-16 15:39:51,593 p=2983 u=ctimm n=ansible | TASK [base : install fzf for zsh] **********************************************************************************
2022-12-16 15:39:51,603 p=2983 u=ctimm n=ansible | skipping: [localhost]
2022-12-16 15:39:51,609 p=2983 u=ctimm n=ansible | TASK [base : change "ctimm"'s shell to zsh] ************************************************************************
2022-12-16 15:39:51,625 p=2983 u=ctimm n=ansible | skipping: [localhost]
2022-12-16 15:39:51,630 p=2983 u=ctimm n=ansible | TASK [base : clone oh-my-zsh for users] ****************************************************************************
2022-12-16 15:39:51,644 p=2983 u=ctimm n=ansible | skipping: [localhost]
2022-12-16 15:39:51,656 p=2983 u=ctimm n=ansible | RUNNING HANDLER [base : update_tmux_plugin_perms] ******************************************************************
2022-12-16 15:39:51,873 p=2983 u=ctimm n=ansible | changed: [localhost]
2022-12-16 15:39:51,880 p=2983 u=ctimm n=ansible | PLAY RECAP *********************************************************************************************************
2022-12-16 15:39:51,880 p=2983 u=ctimm n=ansible | localhost                  : ok=12   changed=9    unreachable=0    failed=0    skipped=4    rescued=0    ignored=0   
2022-12-16 15:41:13,834 p=3808 u=ctimm n=ansible | PLAY [all] *********************************************************************************************************
2022-12-16 15:41:13,839 p=3808 u=ctimm n=ansible | TASK [Gathering Facts] *********************************************************************************************
2022-12-16 15:41:14,707 p=3808 u=ctimm n=ansible | [WARNING]: Platform linux on host localhost is using the discovered Python interpreter at /usr/bin/python3.10, but
future installation of another Python interpreter could change the meaning of that path. See
https://docs.ansible.com/ansible-core/2.14/reference_appendices/interpreter_discovery.html for more information.

2022-12-16 15:41:14,707 p=3808 u=ctimm n=ansible | ok: [localhost]
2022-12-16 15:41:14,710 p=3808 u=ctimm n=ansible | TASK [pre-run | update package cache (arch)] ***********************************************************************
2022-12-16 15:41:16,308 p=3808 u=ctimm n=ansible | ok: [localhost]
2022-12-16 15:41:16,323 p=3808 u=ctimm n=ansible | PLAY [all] *********************************************************************************************************
2022-12-16 15:41:16,335 p=3808 u=ctimm n=ansible | TASK [Gathering Facts] *********************************************************************************************
2022-12-16 15:41:16,958 p=3808 u=ctimm n=ansible | ok: [localhost]
2022-12-16 15:41:16,966 p=3808 u=ctimm n=ansible | TASK [base : users | ctimm | create config directories] ************************************************************
2022-12-16 15:41:17,192 p=3808 u=ctimm n=ansible | ok: [localhost] => (item={'dir': '.bash'})
2022-12-16 15:41:17,332 p=3808 u=ctimm n=ansible | ok: [localhost] => (item={'dir': '.config'})
2022-12-16 15:41:17,466 p=3808 u=ctimm n=ansible | ok: [localhost] => (item={'dir': '.config/htop'})
2022-12-16 15:41:17,598 p=3808 u=ctimm n=ansible | ok: [localhost] => (item={'dir': '.tmux'})
2022-12-16 15:41:17,743 p=3808 u=ctimm n=ansible | ok: [localhost] => (item={'dir': '.tmux/config'})
2022-12-16 15:41:17,876 p=3808 u=ctimm n=ansible | ok: [localhost] => (item={'dir': '.tmux/plugins'})
2022-12-16 15:41:17,881 p=3808 u=ctimm n=ansible | TASK [base : users | ctimm | copy tmux config (workstation version)] ***********************************************
2022-12-16 15:41:18,222 p=3808 u=ctimm n=ansible | ok: [localhost]
2022-12-16 15:41:18,226 p=3808 u=ctimm n=ansible | TASK [base : users | ctimm | copy dotfiles] ************************************************************************
2022-12-16 15:41:18,501 p=3808 u=ctimm n=ansible | ok: [localhost] => (item={'src': 'bash/bash_aliases', 'dest': '.bash/bash_aliases'})
2022-12-16 15:41:18,761 p=3808 u=ctimm n=ansible | ok: [localhost] => (item={'src': 'bash/bash_profile', 'dest': '.bash_profile'})
2022-12-16 15:41:19,012 p=3808 u=ctimm n=ansible | ok: [localhost] => (item={'src': 'bash/bash_prompt', 'dest': '.bash/bash_prompt'})
2022-12-16 15:41:19,273 p=3808 u=ctimm n=ansible | ok: [localhost] => (item={'src': 'bash/bash_functions', 'dest': '.bash/bash_functions'})
2022-12-16 15:41:19,531 p=3808 u=ctimm n=ansible | ok: [localhost] => (item={'src': 'bash/bashrc', 'dest': '.bashrc'})
2022-12-16 15:41:19,787 p=3808 u=ctimm n=ansible | ok: [localhost] => (item={'src': 'bash/profile', 'dest': '.profile'})
2022-12-16 15:41:20,040 p=3808 u=ctimm n=ansible | ok: [localhost] => (item={'src': 'git/gitconfig', 'dest': '.gitconfig'})
2022-12-16 15:41:20,297 p=3808 u=ctimm n=ansible | ok: [localhost] => (item={'src': 'htop/htoprc', 'dest': '.config/htop/htoprc'})
2022-12-16 15:41:20,302 p=3808 u=ctimm n=ansible | TASK [base : users | ctimm | clone tmux-completion plugin repository] **********************************************
2022-12-16 15:41:21,374 p=3808 u=ctimm n=ansible | ok: [localhost]
2022-12-16 15:41:21,378 p=3808 u=ctimm n=ansible | TASK [base : users | ctimm | clone tmux-continuum plugin repository] ***********************************************
2022-12-16 15:41:22,312 p=3808 u=ctimm n=ansible | ok: [localhost]
2022-12-16 15:41:22,316 p=3808 u=ctimm n=ansible | TASK [base : users | ctimm | clone tmux-resurrect plugin repository] ***********************************************
2022-12-16 15:41:25,130 p=3808 u=ctimm n=ansible | ok: [localhost]
2022-12-16 15:41:25,133 p=3808 u=ctimm n=ansible | TASK [base : users | root | ensure account is locked] **************************************************************
2022-12-16 15:41:25,388 p=3808 u=ctimm n=ansible | ok: [localhost]
2022-12-16 15:41:25,392 p=3808 u=ctimm n=ansible | TASK [base : system setup | repositories | add ignored packages for archlinux hosts] *******************************
2022-12-16 15:41:25,612 p=3808 u=ctimm n=ansible | ok: [localhost]
2022-12-16 15:41:25,616 p=3808 u=ctimm n=ansible | TASK [base : system setup | utils | install utility packages] ******************************************************
2022-12-16 15:41:31,867 p=3808 u=ctimm n=ansible | changed: [localhost]
2022-12-16 15:41:31,871 p=3808 u=ctimm n=ansible | TASK [base : install zsh] ******************************************************************************************
2022-12-16 15:41:31,883 p=3808 u=ctimm n=ansible | skipping: [localhost]
2022-12-16 15:41:31,888 p=3808 u=ctimm n=ansible | TASK [base : install fzf for zsh] **********************************************************************************
2022-12-16 15:41:31,904 p=3808 u=ctimm n=ansible | skipping: [localhost]
2022-12-16 15:41:31,909 p=3808 u=ctimm n=ansible | TASK [base : change "ctimm"'s shell to zsh] ************************************************************************
2022-12-16 15:41:31,920 p=3808 u=ctimm n=ansible | skipping: [localhost]
2022-12-16 15:41:31,925 p=3808 u=ctimm n=ansible | TASK [base : clone oh-my-zsh for users] ****************************************************************************
2022-12-16 15:41:31,936 p=3808 u=ctimm n=ansible | skipping: [localhost]
2022-12-16 15:41:31,952 p=3808 u=ctimm n=ansible | PLAY RECAP *********************************************************************************************************
2022-12-16 15:41:31,952 p=3808 u=ctimm n=ansible | localhost                  : ok=12   changed=1    unreachable=0    failed=0    skipped=4    rescued=0    ignored=0   
2022-12-16 15:48:36,657 p=4947 u=ctimm n=ansible | PLAY [all] *********************************************************************************************************
2022-12-16 15:48:36,662 p=4947 u=ctimm n=ansible | TASK [Gathering Facts] *********************************************************************************************
2022-12-16 15:48:37,529 p=4947 u=ctimm n=ansible | [WARNING]: Platform linux on host localhost is using the discovered Python interpreter at /usr/bin/python3.10, but
future installation of another Python interpreter could change the meaning of that path. See
https://docs.ansible.com/ansible-core/2.14/reference_appendices/interpreter_discovery.html for more information.

2022-12-16 15:48:37,529 p=4947 u=ctimm n=ansible | ok: [localhost]
2022-12-16 15:48:37,534 p=4947 u=ctimm n=ansible | TASK [pre-run | update package cache (arch)] ***********************************************************************
2022-12-16 15:48:39,138 p=4947 u=ctimm n=ansible | ok: [localhost]
2022-12-16 15:48:39,157 p=4947 u=ctimm n=ansible | PLAY [all] *********************************************************************************************************
2022-12-16 15:48:39,168 p=4947 u=ctimm n=ansible | TASK [Gathering Facts] *********************************************************************************************
2022-12-16 15:48:39,804 p=4947 u=ctimm n=ansible | ok: [localhost]
2022-12-16 15:48:39,813 p=4947 u=ctimm n=ansible | TASK [base : include_vars] *****************************************************************************************
2022-12-16 15:48:39,829 p=4947 u=ctimm n=ansible | ok: [localhost]
2022-12-16 15:48:39,834 p=4947 u=ctimm n=ansible | TASK [base : users | ctimm | create config directories] ************************************************************
2022-12-16 15:48:40,064 p=4947 u=ctimm n=ansible | ok: [localhost] => (item={'dir': '.bash'})
2022-12-16 15:48:40,195 p=4947 u=ctimm n=ansible | ok: [localhost] => (item={'dir': '.config'})
2022-12-16 15:48:40,328 p=4947 u=ctimm n=ansible | ok: [localhost] => (item={'dir': '.config/htop'})
2022-12-16 15:48:40,469 p=4947 u=ctimm n=ansible | ok: [localhost] => (item={'dir': '.tmux'})
2022-12-16 15:48:40,602 p=4947 u=ctimm n=ansible | ok: [localhost] => (item={'dir': '.tmux/config'})
2022-12-16 15:48:40,732 p=4947 u=ctimm n=ansible | ok: [localhost] => (item={'dir': '.tmux/plugins'})
2022-12-16 15:48:40,738 p=4947 u=ctimm n=ansible | TASK [base : users | ctimm | copy tmux config (workstation version)] ***********************************************
2022-12-16 15:48:41,083 p=4947 u=ctimm n=ansible | ok: [localhost]
2022-12-16 15:48:41,086 p=4947 u=ctimm n=ansible | TASK [base : users | ctimm | copy dotfiles] ************************************************************************
2022-12-16 15:48:41,355 p=4947 u=ctimm n=ansible | ok: [localhost] => (item={'src': 'bash/bash_aliases', 'dest': '.bash/bash_aliases'})
2022-12-16 15:48:41,604 p=4947 u=ctimm n=ansible | ok: [localhost] => (item={'src': 'bash/bash_profile', 'dest': '.bash_profile'})
2022-12-16 15:48:41,863 p=4947 u=ctimm n=ansible | ok: [localhost] => (item={'src': 'bash/bash_prompt', 'dest': '.bash/bash_prompt'})
2022-12-16 15:48:42,113 p=4947 u=ctimm n=ansible | ok: [localhost] => (item={'src': 'bash/bash_functions', 'dest': '.bash/bash_functions'})
2022-12-16 15:48:42,363 p=4947 u=ctimm n=ansible | ok: [localhost] => (item={'src': 'bash/bashrc', 'dest': '.bashrc'})
2022-12-16 15:48:42,611 p=4947 u=ctimm n=ansible | ok: [localhost] => (item={'src': 'bash/profile', 'dest': '.profile'})
2022-12-16 15:48:42,866 p=4947 u=ctimm n=ansible | ok: [localhost] => (item={'src': 'git/gitconfig', 'dest': '.gitconfig'})
2022-12-16 15:48:43,109 p=4947 u=ctimm n=ansible | ok: [localhost] => (item={'src': 'htop/htoprc', 'dest': '.config/htop/htoprc'})
2022-12-16 15:48:43,114 p=4947 u=ctimm n=ansible | TASK [base : users | ctimm | clone tmux-completion plugin repository] **********************************************
2022-12-16 15:48:44,128 p=4947 u=ctimm n=ansible | ok: [localhost]
2022-12-16 15:48:44,132 p=4947 u=ctimm n=ansible | TASK [base : users | ctimm | clone tmux-continuum plugin repository] ***********************************************
2022-12-16 15:48:45,079 p=4947 u=ctimm n=ansible | ok: [localhost]
2022-12-16 15:48:45,082 p=4947 u=ctimm n=ansible | TASK [base : users | ctimm | clone tmux-resurrect plugin repository] ***********************************************
2022-12-16 15:48:46,846 p=4947 u=ctimm n=ansible | ok: [localhost]
2022-12-16 15:48:46,849 p=4947 u=ctimm n=ansible | TASK [base : users | root | ensure account is locked] **************************************************************
2022-12-16 15:48:47,122 p=4947 u=ctimm n=ansible | ok: [localhost]
2022-12-16 15:48:47,127 p=4947 u=ctimm n=ansible | TASK [base : system setup | repositories | add ignored packages for archlinux hosts] *******************************
2022-12-16 15:48:47,382 p=4947 u=ctimm n=ansible | ok: [localhost]
2022-12-16 15:48:47,386 p=4947 u=ctimm n=ansible | TASK [base : system setup | utils | install utility packages] ******************************************************
2022-12-16 15:48:48,173 p=4947 u=ctimm n=ansible | ok: [localhost]
2022-12-16 15:48:48,177 p=4947 u=ctimm n=ansible | TASK [base : install zsh] ******************************************************************************************
2022-12-16 15:48:48,186 p=4947 u=ctimm n=ansible | skipping: [localhost]
2022-12-16 15:48:48,190 p=4947 u=ctimm n=ansible | TASK [base : install fzf for zsh] **********************************************************************************
2022-12-16 15:48:48,199 p=4947 u=ctimm n=ansible | skipping: [localhost]
2022-12-16 15:48:48,203 p=4947 u=ctimm n=ansible | TASK [base : change "ctimm"'s shell to zsh] ************************************************************************
2022-12-16 15:48:48,212 p=4947 u=ctimm n=ansible | skipping: [localhost]
2022-12-16 15:48:48,216 p=4947 u=ctimm n=ansible | TASK [base : clone oh-my-zsh for users] ****************************************************************************
2022-12-16 15:48:48,228 p=4947 u=ctimm n=ansible | skipping: [localhost]
2022-12-16 15:48:48,240 p=4947 u=ctimm n=ansible | PLAY RECAP *********************************************************************************************************
2022-12-16 15:48:48,240 p=4947 u=ctimm n=ansible | localhost                  : ok=13   changed=0    unreachable=0    failed=0    skipped=4    rescued=0    ignored=0   
2022-12-16 15:50:54,291 p=5739 u=ctimm n=ansible | ERROR! Error when evaluating variable in import path: users/{{ username }}.yml.

When using static imports, ensure that any variables used in their names are defined in vars/vars_files
or extra-vars passed in from the command line. Static imports cannot use variables from facts or inventory
sources like group or host vars.
2022-12-16 15:52:50,917 p=5795 u=ctimm n=ansible | PLAY [all] *********************************************************************************************************
2022-12-16 15:52:50,923 p=5795 u=ctimm n=ansible | TASK [Gathering Facts] *********************************************************************************************
2022-12-16 15:52:51,740 p=5795 u=ctimm n=ansible | [WARNING]: Platform linux on host localhost is using the discovered Python interpreter at /usr/bin/python3.10, but
future installation of another Python interpreter could change the meaning of that path. See
https://docs.ansible.com/ansible-core/2.14/reference_appendices/interpreter_discovery.html for more information.

2022-12-16 15:52:51,741 p=5795 u=ctimm n=ansible | ok: [localhost]
2022-12-16 15:52:51,744 p=5795 u=ctimm n=ansible | TASK [pre-run | update package cache (arch)] ***********************************************************************
2022-12-16 15:52:53,387 p=5795 u=ctimm n=ansible | ok: [localhost]
2022-12-16 15:52:53,402 p=5795 u=ctimm n=ansible | PLAY [all] *********************************************************************************************************
2022-12-16 15:52:53,412 p=5795 u=ctimm n=ansible | TASK [Gathering Facts] *********************************************************************************************
2022-12-16 15:52:54,065 p=5795 u=ctimm n=ansible | ok: [localhost]
2022-12-16 15:52:54,072 p=5795 u=ctimm n=ansible | TASK [base : include_vars] *****************************************************************************************
2022-12-16 15:52:54,083 p=5795 u=ctimm n=ansible | ok: [localhost]
2022-12-16 15:52:54,087 p=5795 u=ctimm n=ansible | TASK [base : users | ctimm | create config directories] ************************************************************
2022-12-16 15:52:54,319 p=5795 u=ctimm n=ansible | ok: [localhost] => (item={'dir': '.bash'})
2022-12-16 15:52:54,454 p=5795 u=ctimm n=ansible | ok: [localhost] => (item={'dir': '.config'})
2022-12-16 15:52:54,594 p=5795 u=ctimm n=ansible | ok: [localhost] => (item={'dir': '.config/htop'})
2022-12-16 15:52:54,728 p=5795 u=ctimm n=ansible | ok: [localhost] => (item={'dir': '.tmux'})
2022-12-16 15:52:54,866 p=5795 u=ctimm n=ansible | ok: [localhost] => (item={'dir': '.tmux/config'})
2022-12-16 15:52:54,995 p=5795 u=ctimm n=ansible | ok: [localhost] => (item={'dir': '.tmux/plugins'})
2022-12-16 15:52:55,000 p=5795 u=ctimm n=ansible | TASK [base : users | ctimm | copy tmux config (workstation version)] ***********************************************
2022-12-16 15:52:55,336 p=5795 u=ctimm n=ansible | ok: [localhost]
2022-12-16 15:52:55,340 p=5795 u=ctimm n=ansible | TASK [base : users | ctimm | copy dotfiles] ************************************************************************
2022-12-16 15:52:55,615 p=5795 u=ctimm n=ansible | ok: [localhost] => (item={'src': 'bash/bash_aliases', 'dest': '.bash/bash_aliases'})
2022-12-16 15:52:55,870 p=5795 u=ctimm n=ansible | ok: [localhost] => (item={'src': 'bash/bash_profile', 'dest': '.bash_profile'})
2022-12-16 15:52:56,125 p=5795 u=ctimm n=ansible | ok: [localhost] => (item={'src': 'bash/bash_prompt', 'dest': '.bash/bash_prompt'})
2022-12-16 15:52:56,384 p=5795 u=ctimm n=ansible | ok: [localhost] => (item={'src': 'bash/bash_functions', 'dest': '.bash/bash_functions'})
2022-12-16 15:52:56,638 p=5795 u=ctimm n=ansible | ok: [localhost] => (item={'src': 'bash/bashrc', 'dest': '.bashrc'})
2022-12-16 15:52:56,898 p=5795 u=ctimm n=ansible | ok: [localhost] => (item={'src': 'bash/profile', 'dest': '.profile'})
2022-12-16 15:52:57,147 p=5795 u=ctimm n=ansible | ok: [localhost] => (item={'src': 'git/gitconfig', 'dest': '.gitconfig'})
2022-12-16 15:52:57,392 p=5795 u=ctimm n=ansible | ok: [localhost] => (item={'src': 'htop/htoprc', 'dest': '.config/htop/htoprc'})
2022-12-16 15:52:57,397 p=5795 u=ctimm n=ansible | TASK [base : users | ctimm | clone tmux-completion plugin repository] **********************************************
2022-12-16 15:52:58,524 p=5795 u=ctimm n=ansible | ok: [localhost]
2022-12-16 15:52:58,530 p=5795 u=ctimm n=ansible | TASK [base : users | ctimm | clone tmux-continuum plugin repository] ***********************************************
2022-12-16 15:52:59,468 p=5795 u=ctimm n=ansible | ok: [localhost]
2022-12-16 15:52:59,471 p=5795 u=ctimm n=ansible | TASK [base : users | ctimm | clone tmux-resurrect plugin repository] ***********************************************
2022-12-16 15:53:01,802 p=5795 u=ctimm n=ansible | ok: [localhost]
2022-12-16 15:53:01,806 p=5795 u=ctimm n=ansible | TASK [base : users | root | ensure account is locked] **************************************************************
2022-12-16 15:53:02,070 p=5795 u=ctimm n=ansible | ok: [localhost]
2022-12-16 15:53:02,074 p=5795 u=ctimm n=ansible | TASK [base : system setup | repositories | add ignored packages for archlinux hosts] *******************************
2022-12-16 15:53:02,281 p=5795 u=ctimm n=ansible | ok: [localhost]
2022-12-16 15:53:02,287 p=5795 u=ctimm n=ansible | TASK [base : system setup | utils | install utility packages] ******************************************************
2022-12-16 15:53:03,068 p=5795 u=ctimm n=ansible | ok: [localhost]
2022-12-16 15:53:03,071 p=5795 u=ctimm n=ansible | TASK [base : install zsh] ******************************************************************************************
2022-12-16 15:53:03,081 p=5795 u=ctimm n=ansible | skipping: [localhost]
2022-12-16 15:53:03,084 p=5795 u=ctimm n=ansible | TASK [base : install fzf for zsh] **********************************************************************************
2022-12-16 15:53:03,094 p=5795 u=ctimm n=ansible | skipping: [localhost]
2022-12-16 15:53:03,098 p=5795 u=ctimm n=ansible | TASK [base : change "ctimm"'s shell to zsh] ************************************************************************
2022-12-16 15:53:03,107 p=5795 u=ctimm n=ansible | skipping: [localhost]
2022-12-16 15:53:03,112 p=5795 u=ctimm n=ansible | TASK [base : clone oh-my-zsh for users] ****************************************************************************
2022-12-16 15:53:03,123 p=5795 u=ctimm n=ansible | skipping: [localhost]
2022-12-16 15:53:03,140 p=5795 u=ctimm n=ansible | PLAY RECAP *********************************************************************************************************
2022-12-16 15:53:03,140 p=5795 u=ctimm n=ansible | localhost                  : ok=13   changed=0    unreachable=0    failed=0    skipped=4    rescued=0    ignored=0   
